1     0000              MODULE diskio_c
2     0000              LINE 0, "fat/diskio.c"
0     0000              
1     0000              ;--------------------------------------------------------
2     0000              ; File Created by SDCC : free open source ANSI-C Compiler
3     0000              ; Version 3.9.1 #11310 (Linux)
4     0000              ;--------------------------------------------------------
5     0000              ; Processed by Z88DK
6     0000              ;--------------------------------------------------------
7     0000              
8     0000              	EXTERN __divschar
9     0000              	EXTERN __divschar_callee
10    0000              	EXTERN __divsint
11    0000              	EXTERN __divsint_callee
12    0000              	EXTERN __divslong
13    0000              	EXTERN __divslong_callee
14    0000              	EXTERN __divslonglong
15    0000              	EXTERN __divslonglong_callee
16    0000              	EXTERN __divsuchar
17    0000              	EXTERN __divsuchar_callee
18    0000              	EXTERN __divuchar
19    0000              	EXTERN __divuchar_callee
20    0000              	EXTERN __divuint
21    0000              	EXTERN __divuint_callee
22    0000              	EXTERN __divulong
23    0000              	EXTERN __divulong_callee
24    0000              	EXTERN __divulonglong
25    0000              	EXTERN __divulonglong_callee
26    0000              	EXTERN __divuschar
27    0000              	EXTERN __divuschar_callee
28    0000              	EXTERN __modschar
29    0000              	EXTERN __modschar_callee
30    0000              	EXTERN __modsint
31    0000              	EXTERN __modsint_callee
32    0000              	EXTERN __modslong
33    0000              	EXTERN __modslong_callee
34    0000              	EXTERN __modslonglong
35    0000              	EXTERN __modslonglong_callee
36    0000              	EXTERN __modsuchar
37    0000              	EXTERN __modsuchar_callee
38    0000              	EXTERN __moduchar
39    0000              	EXTERN __moduchar_callee
40    0000              	EXTERN __moduint
41    0000              	EXTERN __moduint_callee
42    0000              	EXTERN __modulong
43    0000              	EXTERN __modulong_callee
44    0000              	EXTERN __modulonglong
45    0000              	EXTERN __modulonglong_callee
46    0000              	EXTERN __moduschar
47    0000              	EXTERN __moduschar_callee
48    0000              	EXTERN __mulint
49    0000              	EXTERN __mulint_callee
50    0000              	EXTERN __mullong
51    0000              	EXTERN __mullong_callee
52    0000              	EXTERN __mullonglong
53    0000              	EXTERN __mullonglong_callee
54    0000              	EXTERN __mulschar
55    0000              	EXTERN __mulschar_callee
56    0000              	EXTERN __mulsuchar
57    0000              	EXTERN __mulsuchar_callee
58    0000              	EXTERN __muluschar
59    0000              	EXTERN __muluschar_callee
60    0000              	EXTERN __rlslonglong
61    0000              	EXTERN __rlslonglong_callee
62    0000              	EXTERN __rlulonglong
63    0000              	EXTERN __rlulonglong_callee
64    0000              	EXTERN __rrslonglong
65    0000              	EXTERN __rrslonglong_callee
66    0000              	EXTERN __rrulonglong
67    0000              	EXTERN __rrulonglong_callee
68    0000              	EXTERN ___sdcc_call_hl
69    0000              	EXTERN ___sdcc_call_iy
70    0000              	EXTERN ___sdcc_enter_ix
71    0000              	EXTERN _banked_call
72    0000              	EXTERN _banked_ret
73    0000              	EXTERN ___fs2schar
74    0000              	EXTERN ___fs2schar_callee
75    0000              	EXTERN ___fs2sint
76    0000              	EXTERN ___fs2sint_callee
77    0000              	EXTERN ___fs2slong
78    0000              	EXTERN ___fs2slong_callee
79    0000              	EXTERN ___fs2slonglong
80    0000              	EXTERN ___fs2slonglong_callee
81    0000              	EXTERN ___fs2uchar
82    0000              	EXTERN ___fs2uchar_callee
83    0000              	EXTERN ___fs2uint
84    0000              	EXTERN ___fs2uint_callee
85    0000              	EXTERN ___fs2ulong
86    0000              	EXTERN ___fs2ulong_callee
87    0000              	EXTERN ___fs2ulonglong
88    0000              	EXTERN ___fs2ulonglong_callee
89    0000              	EXTERN ___fsadd
90    0000              	EXTERN ___fsadd_callee
91    0000              	EXTERN ___fsdiv
92    0000              	EXTERN ___fsdiv_callee
93    0000              	EXTERN ___fseq
94    0000              	EXTERN ___fseq_callee
95    0000              	EXTERN ___fsgt
96    0000              	EXTERN ___fsgt_callee
97    0000              	EXTERN ___fslt
98    0000              	EXTERN ___fslt_callee
99    0000              	EXTERN ___fsmul
100   0000              	EXTERN ___fsmul_callee
101   0000              	EXTERN ___fsneq
102   0000              	EXTERN ___fsneq_callee
103   0000              	EXTERN ___fssub
104   0000              	EXTERN ___fssub_callee
105   0000              	EXTERN ___schar2fs
106   0000              	EXTERN ___schar2fs_callee
107   0000              	EXTERN ___sint2fs
108   0000              	EXTERN ___sint2fs_callee
109   0000              	EXTERN ___slong2fs
110   0000              	EXTERN ___slong2fs_callee
111   0000              	EXTERN ___slonglong2fs
112   0000              	EXTERN ___slonglong2fs_callee
113   0000              	EXTERN ___uchar2fs
114   0000              	EXTERN ___uchar2fs_callee
115   0000              	EXTERN ___uint2fs
116   0000              	EXTERN ___uint2fs_callee
117   0000              	EXTERN ___ulong2fs
118   0000              	EXTERN ___ulong2fs_callee
119   0000              	EXTERN ___ulonglong2fs
120   0000              	EXTERN ___ulonglong2fs_callee
121   0000              	EXTERN ____sdcc_2_copy_src_mhl_dst_deix
122   0000              	EXTERN ____sdcc_2_copy_src_mhl_dst_bcix
123   0000              	EXTERN ____sdcc_4_copy_src_mhl_dst_deix
124   0000              	EXTERN ____sdcc_4_copy_src_mhl_dst_bcix
125   0000              	EXTERN ____sdcc_4_copy_src_mhl_dst_mbc
126   0000              	EXTERN ____sdcc_4_ldi_nosave_bc
127   0000              	EXTERN ____sdcc_4_ldi_save_bc
128   0000              	EXTERN ____sdcc_4_push_hlix
129   0000              	EXTERN ____sdcc_4_push_mhl
130   0000              	EXTERN ____sdcc_lib_setmem_hl
131   0000              	EXTERN ____sdcc_ll_add_de_bc_hl
132   0000              	EXTERN ____sdcc_ll_add_de_bc_hlix
133   0000              	EXTERN ____sdcc_ll_add_de_hlix_bc
134   0000              	EXTERN ____sdcc_ll_add_de_hlix_bcix
135   0000              	EXTERN ____sdcc_ll_add_deix_bc_hl
136   0000              	EXTERN ____sdcc_ll_add_deix_hlix
137   0000              	EXTERN ____sdcc_ll_add_hlix_bc_deix
138   0000              	EXTERN ____sdcc_ll_add_hlix_deix_bc
139   0000              	EXTERN ____sdcc_ll_add_hlix_deix_bcix
140   0000              	EXTERN ____sdcc_ll_asr_hlix_a
141   0000              	EXTERN ____sdcc_ll_asr_mbc_a
142   0000              	EXTERN ____sdcc_ll_copy_src_de_dst_hlix
143   0000              	EXTERN ____sdcc_ll_copy_src_de_dst_hlsp
144   0000              	EXTERN ____sdcc_ll_copy_src_deix_dst_hl
145   0000              	EXTERN ____sdcc_ll_copy_src_deix_dst_hlix
146   0000              	EXTERN ____sdcc_ll_copy_src_deixm_dst_hlsp
147   0000              	EXTERN ____sdcc_ll_copy_src_desp_dst_hlsp
148   0000              	EXTERN ____sdcc_ll_copy_src_hl_dst_de
149   0000              	EXTERN ____sdcc_ll_copy_src_hlsp_dst_de
150   0000              	EXTERN ____sdcc_ll_copy_src_hlsp_dst_deixm
151   0000              	EXTERN ____sdcc_ll_lsl_hlix_a
152   0000              	EXTERN ____sdcc_ll_lsl_mbc_a
153   0000              	EXTERN ____sdcc_ll_lsr_hlix_a
154   0000              	EXTERN ____sdcc_ll_lsr_mbc_a
155   0000              	EXTERN ____sdcc_ll_push_hlix
156   0000              	EXTERN ____sdcc_ll_push_mhl
157   0000              	EXTERN ____sdcc_ll_sub_de_bc_hl
158   0000              	EXTERN ____sdcc_ll_sub_de_bc_hlix
159   0000              	EXTERN ____sdcc_ll_sub_de_hlix_bc
160   0000              	EXTERN ____sdcc_ll_sub_de_hlix_bcix
161   0000              	EXTERN ____sdcc_ll_sub_deix_bc_hl
162   0000              	EXTERN ____sdcc_ll_sub_deix_hlix
163   0000              	EXTERN ____sdcc_ll_sub_hlix_bc_deix
164   0000              	EXTERN ____sdcc_ll_sub_hlix_deix_bc
165   0000              	EXTERN ____sdcc_ll_sub_hlix_deix_bcix
166   0000              	EXTERN ____sdcc_load_debc_deix
167   0000              	EXTERN ____sdcc_load_dehl_deix
168   0000              	EXTERN ____sdcc_load_debc_mhl
169   0000              	EXTERN ____sdcc_load_hlde_mhl
170   0000              	EXTERN ____sdcc_store_dehl_bcix
171   0000              	EXTERN ____sdcc_store_debc_hlix
172   0000              	EXTERN ____sdcc_store_debc_mhl
173   0000              	EXTERN ____sdcc_cpu_pop_ei
174   0000              	EXTERN ____sdcc_cpu_pop_ei_jp
175   0000              	EXTERN ____sdcc_cpu_push_di
176   0000              	EXTERN ____sdcc_outi
177   0000              	EXTERN ____sdcc_outi_128
178   0000              	EXTERN ____sdcc_outi_256
179   0000              	EXTERN ____sdcc_ldi
180   0000              	EXTERN ____sdcc_ldi_128
181   0000              	EXTERN ____sdcc_ldi_256
182   0000              	EXTERN ____sdcc_4_copy_srcd_hlix_dst_deix
183   0000              	EXTERN ____sdcc_4_and_src_mbc_mhl_dst_deix
184   0000              	EXTERN ____sdcc_4_or_src_mbc_mhl_dst_deix
185   0000              	EXTERN ____sdcc_4_xor_src_mbc_mhl_dst_deix
186   0000              	EXTERN ____sdcc_4_or_src_dehl_dst_bcix
187   0000              	EXTERN ____sdcc_4_xor_src_dehl_dst_bcix
188   0000              	EXTERN ____sdcc_4_and_src_dehl_dst_bcix
189   0000              	EXTERN ____sdcc_4_xor_src_mbc_mhl_dst_debc
190   0000              	EXTERN ____sdcc_4_or_src_mbc_mhl_dst_debc
191   0000              	EXTERN ____sdcc_4_and_src_mbc_mhl_dst_debc
192   0000              	EXTERN ____sdcc_4_cpl_src_mhl_dst_debc
193   0000              	EXTERN ____sdcc_4_xor_src_debc_mhl_dst_debc
194   0000              	EXTERN ____sdcc_4_or_src_debc_mhl_dst_debc
195   0000              	EXTERN ____sdcc_4_and_src_debc_mhl_dst_debc
196   0000              	EXTERN ____sdcc_4_and_src_debc_hlix_dst_debc
197   0000              	EXTERN ____sdcc_4_or_src_debc_hlix_dst_debc
198   0000              	EXTERN ____sdcc_4_xor_src_debc_hlix_dst_debc
199   0000              
200   0000              ;--------------------------------------------------------
201   0000              ; Public variables in this module
202   0000              ;--------------------------------------------------------
203   0000              	GLOBAL _currentSector
204   0000              	GLOBAL _cf_sector_write
205   0000              	GLOBAL _cf_sector_read
206   0000              	GLOBAL _disk_initialize
207   0000              	GLOBAL _disk_readp
208   0000              	GLOBAL _disk_writep
209   0000              ;--------------------------------------------------------
210   0000              ; Externals used
211   0000              ;--------------------------------------------------------
212   0000              	GLOBAL _ffsll_callee
213   0000              	GLOBAL _ffsll
214   0000              	GLOBAL _strxfrm_callee
215   0000              	GLOBAL _strxfrm
216   0000              	GLOBAL _strupr_fastcall
217   0000              	GLOBAL _strupr
218   0000              	GLOBAL _strtok_r_callee
219   0000              	GLOBAL _strtok_r
220   0000              	GLOBAL _strtok_callee
221   0000              	GLOBAL _strtok
222   0000              	GLOBAL _strstrip_fastcall
223   0000              	GLOBAL _strstrip
224   0000              	GLOBAL _strstr_callee
225   0000              	GLOBAL _strstr
226   0000              	GLOBAL _strspn_callee
227   0000              	GLOBAL _strspn
228   0000              	GLOBAL _strsep_callee
229   0000              	GLOBAL _strsep
230   0000              	GLOBAL _strrstrip_fastcall
231   0000              	GLOBAL _strrstrip
232   0000              	GLOBAL _strrstr_callee
233   0000              	GLOBAL _strrstr
234   0000              	GLOBAL _strrspn_callee
235   0000              	GLOBAL _strrspn
236   0000              	GLOBAL _strrev_fastcall
237   0000              	GLOBAL _strrev
238   0000              	GLOBAL _strrcspn_callee
239   0000              	GLOBAL _strrcspn
240   0000              	GLOBAL _strrchr_callee
241   0000              	GLOBAL _strrchr
242   0000              	GLOBAL _strpbrk_callee
243   0000              	GLOBAL _strpbrk
244   0000              	GLOBAL _strnlen_callee
245   0000              	GLOBAL _strnlen
246   0000              	GLOBAL _strnicmp_callee
247   0000              	GLOBAL _strnicmp
248   0000              	GLOBAL _strndup_callee
249   0000              	GLOBAL _strndup
250   0000              	GLOBAL _strncpy_callee
251   0000              	GLOBAL _strncpy
252   0000              	GLOBAL _strncmp_callee
253   0000              	GLOBAL _strncmp
254   0000              	GLOBAL _strnchr_callee
255   0000              	GLOBAL _strnchr
256   0000              	GLOBAL _strncat_callee
257   0000              	GLOBAL _strncat
258   0000              	GLOBAL _strncasecmp_callee
259   0000              	GLOBAL _strncasecmp
260   0000              	GLOBAL _strlwr_fastcall
261   0000              	GLOBAL _strlwr
262   0000              	GLOBAL _strlen_fastcall
263   0000              	GLOBAL _strlen
264   0000              	GLOBAL _strlcpy_callee
265   0000              	GLOBAL _strlcpy
266   0000              	GLOBAL _strlcat_callee
267   0000              	GLOBAL _strlcat
268   0000              	GLOBAL _stricmp_callee
269   0000              	GLOBAL _stricmp
270   0000              	GLOBAL _strerror_fastcall
271   0000              	GLOBAL _strerror
272   0000              	GLOBAL _strdup_fastcall
273   0000              	GLOBAL _strdup
274   0000              	GLOBAL _strcspn_callee
275   0000              	GLOBAL _strcspn
276   0000              	GLOBAL _strcpy_callee
277   0000              	GLOBAL _strcpy
278   0000              	GLOBAL _strcoll_callee
279   0000              	GLOBAL _strcoll
280   0000              	GLOBAL _strcmp_callee
281   0000              	GLOBAL _strcmp
282   0000              	GLOBAL _strchrnul_callee
283   0000              	GLOBAL _strchrnul
284   0000              	GLOBAL _strchr_callee
285   0000              	GLOBAL _strchr
286   0000              	GLOBAL _strcat_callee
287   0000              	GLOBAL _strcat
288   0000              	GLOBAL _strcasecmp_callee
289   0000              	GLOBAL _strcasecmp
290   0000              	GLOBAL _stpncpy_callee
291   0000              	GLOBAL _stpncpy
292   0000              	GLOBAL _stpcpy_callee
293   0000              	GLOBAL _stpcpy
294   0000              	GLOBAL _memswap_callee
295   0000              	GLOBAL _memswap
296   0000              	GLOBAL _memset_callee
297   0000              	GLOBAL _memset
298   0000              	GLOBAL _memrchr_callee
299   0000              	GLOBAL _memrchr
300   0000              	GLOBAL _memmove_callee
301   0000              	GLOBAL _memmove
302   0000              	GLOBAL _memmem_callee
303   0000              	GLOBAL _memmem
304   0000              	GLOBAL _memcpy_callee
305   0000              	GLOBAL _memcpy
306   0000              	GLOBAL _memcmp_callee
307   0000              	GLOBAL _memcmp
308   0000              	GLOBAL _memchr_callee
309   0000              	GLOBAL _memchr
310   0000              	GLOBAL _memccpy_callee
311   0000              	GLOBAL _memccpy
312   0000              	GLOBAL _ffsl_fastcall
313   0000              	GLOBAL _ffsl
314   0000              	GLOBAL _ffs_fastcall
315   0000              	GLOBAL _ffs
316   0000              	GLOBAL __strrstrip__fastcall
317   0000              	GLOBAL __strrstrip_
318   0000              	GLOBAL __memupr__callee
319   0000              	GLOBAL __memupr_
320   0000              	GLOBAL __memstrcpy__callee
321   0000              	GLOBAL __memstrcpy_
322   0000              	GLOBAL __memlwr__callee
323   0000              	GLOBAL __memlwr_
324   0000              	GLOBAL _rawmemchr_callee
325   0000              	GLOBAL _rawmemchr
326   0000              	GLOBAL _strnset_callee
327   0000              	GLOBAL _strnset
328   0000              	GLOBAL _strset_callee
329   0000              	GLOBAL _strset
330   0000              	GLOBAL _rindex_callee
331   0000              	GLOBAL _rindex
332   0000              	GLOBAL _index_callee
333   0000              	GLOBAL _index
334   0000              	GLOBAL _bzero_callee
335   0000              	GLOBAL _bzero
336   0000              	GLOBAL _bcopy_callee
337   0000              	GLOBAL _bcopy
338   0000              	GLOBAL _bcmp_callee
339   0000              	GLOBAL _bcmp
340   0000              	GLOBAL _cf_set_sector
341   0000              	GLOBAL _cf_dump_sector
342   0000              	GLOBAL _cf_write
343   0000              	GLOBAL _cf_read
344   0000              	GLOBAL _cf_init
345   0000              	GLOBAL _pf_readdir
346   0000              	GLOBAL _pf_opendir
347   0000              	GLOBAL _pf_lseek
348   0000              	GLOBAL _pf_write
349   0000              	GLOBAL _pf_read
350   0000              	GLOBAL _pf_open
351   0000              	GLOBAL _pf_mount
352   0000              ;--------------------------------------------------------
353   0000              ; special function registers
354   0000              ;--------------------------------------------------------
355   0000              ;--------------------------------------------------------
356   0000              ; ram data
357   0000              ;--------------------------------------------------------
358   0000              	SECTION bss_compiler
359   0000              _cf_sector_read:
360   0000  00 00 00 00 00 00 00 00 00 00 00 00 00 00 00 00 00 00 00 00 00 00 00 00 00 00 00 00 00 00 00 00 
      0020  00 00 00 00 00 00 00 00 00 00 00 00 00 00 00 00 00 00 00 00 00 00 00 00 00 00 00 00 00 00 00 00 
      0040  00 00 00 00 00 00 00 00 00 00 00 00 00 00 00 00 00 00 00 00 00 00 00 00 00 00 00 00 00 00 00 00 
      0060  00 00 00 00 00 00 00 00 00 00 00 00 00 00 00 00 00 00 00 00 00 00 00 00 00 00 00 00 00 00 00 00 
      0080  00 00 00 00 00 00 00 00 00 00 00 00 00 00 00 00 00 00 00 00 00 00 00 00 00 00 00 00 00 00 00 00 
      00A0  00 00 00 00 00 00 00 00 00 00 00 00 00 00 00 00 00 00 00 00 00 00 00 00 00 00 00 00 00 00 00 00 
      00C0  00 00 00 00 00 00 00 00 00 00 00 00 00 00 00 00 00 00 00 00 00 00 00 00 00 00 00 00 00 00 00 00 
      00E0  00 00 00 00 00 00 00 00 00 00 00 00 00 00 00 00 00 00 00 00 00 00 00 00 00 00 00 00 00 00 00 00 
      0100  00 00 00 00 00 00 00 00 00 00 00 00 00 00 00 00 00 00 00 00 00 00 00 00 00 00 00 00 00 00 00 00 
      0120  00 00 00 00 00 00 00 00 00 00 00 00 00 00 00 00 00 00 00 00 00 00 00 00 00 00 00 00 00 00 00 00 
      0140  00 00 00 00 00 00 00 00 00 00 00 00 00 00 00 00 00 00 00 00 00 00 00 00 00 00 00 00 00 00 00 00 
      0160  00 00 00 00 00 00 00 00 00 00 00 00 00 00 00 00 00 00 00 00 00 00 00 00 00 00 00 00 00 00 00 00 
      0180  00 00 00 00 00 00 00 00 00 00 00 00 00 00 00 00 00 00 00 00 00 00 00 00 00 00 00 00 00 00 00 00 
      01A0  00 00 00 00 00 00 00 00 00 00 00 00 00 00 00 00 00 00 00 00 00 00 00 00 00 00 00 00 00 00 00 00 
      01C0  00 00 00 00 00 00 00 00 00 00 00 00 00 00 00 00 00 00 00 00 00 00 00 00 00 00 00 00 00 00 00 00 
      01E0  00 00 00 00 00 00 00 00 00 00 00 00 00 00 00 00 00 00 00 00 00 00 00 00 00 00 00 00 00 00 00 00 
                        	DEFS 512
361   0200              _cf_sector_write:
362   0200  00 00 00 00 00 00 00 00 00 00 00 00 00 00 00 00 00 00 00 00 00 00 00 00 00 00 00 00 00 00 00 00 
      0220  00 00 00 00 00 00 00 00 00 00 00 00 00 00 00 00 00 00 00 00 00 00 00 00 00 00 00 00 00 00 00 00 
      0240  00 00 00 00 00 00 00 00 00 00 00 00 00 00 00 00 00 00 00 00 00 00 00 00 00 00 00 00 00 00 00 00 
      0260  00 00 00 00 00 00 00 00 00 00 00 00 00 00 00 00 00 00 00 00 00 00 00 00 00 00 00 00 00 00 00 00 
      0280  00 00 00 00 00 00 00 00 00 00 00 00 00 00 00 00 00 00 00 00 00 00 00 00 00 00 00 00 00 00 00 00 
      02A0  00 00 00 00 00 00 00 00 00 00 00 00 00 00 00 00 00 00 00 00 00 00 00 00 00 00 00 00 00 00 00 00 
      02C0  00 00 00 00 00 00 00 00 00 00 00 00 00 00 00 00 00 00 00 00 00 00 00 00 00 00 00 00 00 00 00 00 
      02E0  00 00 00 00 00 00 00 00 00 00 00 00 00 00 00 00 00 00 00 00 00 00 00 00 00 00 00 00 00 00 00 00 
      0300  00 00 00 00 00 00 00 00 00 00 00 00 00 00 00 00 00 00 00 00 00 00 00 00 00 00 00 00 00 00 00 00 
      0320  00 00 00 00 00 00 00 00 00 00 00 00 00 00 00 00 00 00 00 00 00 00 00 00 00 00 00 00 00 00 00 00 
      0340  00 00 00 00 00 00 00 00 00 00 00 00 00 00 00 00 00 00 00 00 00 00 00 00 00 00 00 00 00 00 00 00 
      0360  00 00 00 00 00 00 00 00 00 00 00 00 00 00 00 00 00 00 00 00 00 00 00 00 00 00 00 00 00 00 00 00 
      0380  00 00 00 00 00 00 00 00 00 00 00 00 00 00 00 00 00 00 00 00 00 00 00 00 00 00 00 00 00 00 00 00 
      03A0  00 00 00 00 00 00 00 00 00 00 00 00 00 00 00 00 00 00 00 00 00 00 00 00 00 00 00 00 00 00 00 00 
      03C0  00 00 00 00 00 00 00 00 00 00 00 00 00 00 00 00 00 00 00 00 00 00 00 00 00 00 00 00 00 00 00 00 
      03E0  00 00 00 00 00 00 00 00 00 00 00 00 00 00 00 00 00 00 00 00 00 00 00 00 00 00 00 00 00 00 00 00 
                        	DEFS 512
363   0400              _currentSector:
364   0400  00 00 00 00 	DEFS 4
365   0404              ;--------------------------------------------------------
366   0404              ; ram data
367   0404              ;--------------------------------------------------------
368   0404              
369   0404              IF 0
370   0404              
371   0404              ; .area _INITIALIZED removed by z88dk
372   0404              
373   0404              
374   0404              ENDIF
375   0404              
376   0404              ;--------------------------------------------------------
377   0404              ; absolute external ram data
378   0404              ;--------------------------------------------------------
379   0404              	SECTION IGNORE
380   0000              ;--------------------------------------------------------
381   0000              ; global & static initialisations
382   0000              ;--------------------------------------------------------
383   0000              	SECTION code_crt_init
384   0000              ;--------------------------------------------------------
385   0000              ; Home
386   0000              ;--------------------------------------------------------
387   0000              	SECTION IGNORE
388   0000              ;--------------------------------------------------------
389   0000              ; code
390   0000              ;--------------------------------------------------------
391   0000              	SECTION code_compiler
392   0000              ;fat/diskio.c:5: DSTATUS disk_initialize (void)
393   0000              ;	---------------------------------
394   0000              ; Function disk_initialize
395   0000              ; ---------------------------------
396   0000              _disk_initialize:
397   0000              ;fat/diskio.c:7: cf_init();
398   0000  CD 00 00    	call	_cf_init
399   0003              ;fat/diskio.c:8: return RES_OK;
400   0003  2E 00       	ld	l,0x00
401   0005              ;fat/diskio.c:9: }
402   0005  C9          	ret
403   0006              	SECTION code_compiler
404   0006              ;fat/diskio.c:14: DRESULT disk_readp (BYTE* buff, DWORD sector, WORD offset, WORD count)
405   0006              ;	---------------------------------
406   0006              ; Function disk_readp
407   0006              ; ---------------------------------
408   0006              _disk_readp:
409   0006  DD E5       	push	ix
410   0008  DD 21 00 00 	ld	ix,0
411   000C  DD 39       	add	ix,sp
412   000E              ;fat/diskio.c:16: cf_read(sector, cf_sector_read);
413   000E  11 00 00    	ld	de,_cf_sector_read+0
414   0011  4B          	ld	c, e
415   0012  42          	ld	b, d
416   0013  D5          	push	de
417   0014  C5          	push	bc
418   0015  DD 6E 08    	ld	l,(ix+8)
419   0018  DD 66 09    	ld	h,(ix+9)
420   001B  E5          	push	hl
421   001C  DD 6E 06    	ld	l,(ix+6)
422   001F  DD 66 07    	ld	h,(ix+7)
423   0022  E5          	push	hl
424   0023  CD 00 00    	call	_cf_read
425   0026  21 06 00    	ld	hl,6
426   0029  39          	add	hl, sp
427   002A  F9          	ld	sp, hl
428   002B  D1          	pop	de
429   002C              ;fat/diskio.c:17: memcpy(buff, cf_sector_read + offset, count);
430   002C  DD 4E 04    	ld	c,(ix+4)
431   002F  DD 46 05    	ld	b,(ix+5)
432   0032  DD 6E 0A    	ld	l,(ix+10)
433   0035  DD 66 0B    	ld	h,(ix+11)
434   0038  19          	add	hl, de
435   0039  DD 5E 0C    	ld	e,(ix+12)
436   003C  DD 56 0D    	ld	d,(ix+13)
437   003F  D5          	push	de
438   0040  E5          	push	hl
439   0041  C5          	push	bc
440   0042  CD 00 00    	call	_memcpy_callee
441   0045              ;fat/diskio.c:18: return RES_OK;
442   0045  2E 00       	ld	l,0x00
443   0047              ;fat/diskio.c:19: }
444   0047  DD E1       	pop	ix
445   0049  C9          	ret
446   004A              	SECTION code_compiler
447   004A              ;fat/diskio.c:22: DRESULT disk_writep (const BYTE* buff, DWORD sc)
448   004A              ;	---------------------------------
449   004A              ; Function disk_writep
450   004A              ; ---------------------------------
451   004A              _disk_writep:
452   004A  DD E5       	push	ix
453   004C  DD 21 00 00 	ld	ix,0
454   0050  DD 39       	add	ix,sp
455   0052              ;fat/diskio.c:24: if (buff)
456   0052  DD 7E 05    	ld	a,(ix+5)
457   0055  DD B6 04    	or	a,(ix+4)
458   0058  28 17       	jr	Z,l_disk_writep_00105
459   005A              ;fat/diskio.c:26: memcpy(cf_sector_write, buff, sc);
460   005A  DD 4E 04    	ld	c,(ix+4)
461   005D  DD 46 05    	ld	b,(ix+5)
462   0060  DD 5E 06    	ld	e,(ix+6)
463   0063  DD 56 07    	ld	d,(ix+7)
464   0066  D5          	push	de
465   0067  C5          	push	bc
466   0068  21 00 02    	ld	hl,_cf_sector_write
467   006B  E5          	push	hl
468   006C  CD 00 00    	call	_memcpy_callee
469   006F  18 3D       	jr	l_disk_writep_00106
470   0071              l_disk_writep_00105:
471   0071              ;fat/diskio.c:30: if (sc)
472   0071  DD 7E 09    	ld	a,(ix+9)
473   0074  DD B6 08    	or	a,(ix+8)
474   0077  DD B6 07    	or	a,(ix+7)
475   007A  DD B6 06    	or	a,(ix+6)
476   007D  28 1B       	jr	Z,l_disk_writep_00102
477   007F              ;fat/diskio.c:33: memset(cf_sector_write, 0x00, 512);
478   007F  21 00 02    	ld	hl,_cf_sector_write
479   0082  36 00       	ld	(hl),0x00
480   0084  5D          	ld	e, l
481   0085  54          	ld	d, h
482   0086  13          	inc	de
483   0087  01 FF 01    	ld	bc,0x01ff
484   008A  ED B0       	ldir
485   008C              ;fat/diskio.c:34: currentSector = sc;
486   008C  11 00 04    	ld	de,_currentSector
487   008F  21 06 00    	ld	hl,6
488   0092  39          	add	hl, sp
489   0093  01 04 00    	ld	bc,4
490   0096  ED B0       	ldir
491   0098  18 14       	jr	l_disk_writep_00106
492   009A              l_disk_writep_00102:
493   009A              ;fat/diskio.c:39: cf_write(currentSector, cf_sector_write);
494   009A  21 00 02    	ld	hl,_cf_sector_write
495   009D  E5          	push	hl
496   009E  2A 02 04    	ld	hl, (_currentSector + 2)
497   00A1  E5          	push	hl
498   00A2  2A 00 04    	ld	hl, (_currentSector)
499   00A5  E5          	push	hl
500   00A6  CD 00 00    	call	_cf_write
501   00A9  21 06 00    	ld	hl,6
502   00AC  39          	add	hl, sp
503   00AD  F9          	ld	sp, hl
504   00AE              l_disk_writep_00106:
505   00AE              ;fat/diskio.c:44: return RES_OK;
506   00AE  2E 00       	ld	l,0x00
507   00B0              ;fat/diskio.c:45: }
508   00B0  DD E1       	pop	ix
509   00B2  C9          	ret
510   00B3              	SECTION IGNORE
511   0000              
